Bounding box has the following coordinates: (-93.65, 44.75) and (-92.9, 45.13)
Total time passed : 120 seconds.
Average number of tweets per minute = 32.0
Hashtags and their counts:
jimmy - 1
dontmesswiththat - 1
blackangels - 1
sempm - 1
california - 1
happybirthday - 1
drought - 1
loveyafag - 1
esurancesave30 - 2
systematictheology - 1
hondamaticfollowtrain - 1
ifbgaintrain - 1
couldntlivewithoutyou - 1
retweet - 1
craig - 1
superbowlimprovements - 1
soulmate - 1
flappybird - 1
Bounding box has the following coordinates: (-93.65, 44.75) and (-92.9, 45.13)
Total Tweets : 3100
Total time passed : 18032 seconds.
Average number of tweets per minute = 10.333333333333334
Hashtags and their counts:
blessed - 3
dontkillme - 1
esurancephizzurp - 1
americathebeautiful - 1
soothme - 1
breakingbad - 1
stuffed - 1
linda - 1
epicfail - 1
college - 1
bullshit - 1
dontcare - 1
party - 1
fuck - 1
loveispainful - 1
yonce - 3
2011 - 1
latenightcalls - 1
comeback - 1
plastics - 1
mood - 1
useprotection - 1
2 - 2
1 - 5
sleepproblems - 1
8 - 1
scnottop10 - 2
cyclonenation - 2
lifelessons - 1
sofailingthisexam - 1
mac - 1
endersgame - 1
gowild - 1
virgo - 1
shitpussiessay - 1
nocturnaltour - 1
obsessed - 1
usahockey - 1
minneapolis - 2
nowords - 1
trndnl - 7
turntup - 1
ridiculous - 1
etsy - 1
manonfire - 1
confused - 1
bitches - 1
addicted - 1
cuindanextcity - 1
m - 1
thor - 1
senioryear - 1
themoreyouknow - 6
brownsugar - 1
s - 1
forever - 1
what - 1
spiderman - 1
lazy - 1
lnjf - 1
normal - 1
yesplease - 1
?? ????????? - 1
dontjudge - 1
notsorry - 1
agate - 1
2days - 1
nightchain - 1
dgpascon - 1
imreallyconfusing - 1
mcm - 2
igabadancawe - 1
howdareyou - 1
fam - 1
poopyprobs - 1
toohard - 1
bhainswaad - 1
nothappening - 1
jackisback - 1
asparagus - 1
gethomesafely - 1
howsthatfirealarm - 1
dexter - 2
verylate - 1
orientationweek - 2
notpullingoutthisyear - 1
frozen - 1
notfun - 1
tommiestommies - 1
needsleep - 1
badassbitch - 1
mybad - 1
countryshit - 1
coupon - 2
leavingnow - 1
lmao - 1
music - 1
obviously - 1
win - 1
jackcomeback - 1
bestfriend - 1
bestmovieever - 1
juststinkinsocool - 1
turndown4what - 1
&% - 1
lionking - 1
concert - 1
lovemyjob - 1
greysanatomy - 1
nobloodynipplepic - 1
inpain - 1
help - 2
awesome - 1
itwasntfairthough - 1
reunited - 1
shaqtinafool - 1
brunomars - 1
dosomethingwithyourlife - 1
itsthelittlethings - 1
norighttotalk - 1
decisions - 1
lifecomplete - 1
430amalarm - 1
jesus - 1
teamiphone - 1
randomthought - 1
murderer - 1
fabfour - 1
letmepick - 1
freefood - 1
bored - 1
thebreakfastclub - 1
freshdigs - 1
likeclockwork - 1
imout - 1
recuerdos - 1
diversity - 1
thankful - 1
notmeniggas - 1
buzzlightyear - 1
nationalhugsoneoneday - 1
neeedmotivation - 1
superbowlimprovements - 6
gotmyoreo - 1
technology - 1
flyworld - 1
bff - 1
tomuchwork - 1
hip - 1
fuckthatshit - 1
illjusteatanapple - 1
catchingup - 1
harrypotterprobs - 1
hiphopplayedout - 1
partition - 1
twoff - 1
makesmesad - 1
sappytweet - 1
eww - 1
finallymovedin - 1
flap - 1
 !!!!?????????????????? - 1
esurancesave30 - 56
geode - 1
socialworker - 1
parents - 1
hallelujah - 1
lost - 1
essurancesave30 - 1
muzzy - 1
letsbuildasnowman - 1
tweetyourlifeinapicture - 1
snkbackground - 2
emptyorangeseats - 1
crazy - 1
goldmetalstatus - 1
theoriginals - 1
paleo - 1
isiiwaxleisii - 4
twincities - 1
spreadloveandlovewillspread - 1
methylxanthines - 1
prowrestler - 1
ijustwanttosleep - 1
giver - 1
sanfrancisco - 1
kickass2 - 1
motherhood - 1
ruiningmynight - 1
12fuckindays - 1
nike - 1
vscocam - 2
iowastate - 1
fatpeopleproblems - 1
askgeeezuhs - 1
winterslam - 1
twitterlessmicheala - 1
flop - 1
bookhimplease - 1
woof - 1
36 - 1
nice - 1
jasonisbell - 1
inspiration - 1
thestruggle - 1
olympics - 1
47ronin - 1
incrediblyearly - 1
fuckinstoners - 1
lol - 1
ganapulido - 1
inconsiderate - 1
thanksfrankocean - 1
goodnight - 2
6am - 1
whalelove - 1
whorange - 1
imtired - 1
infancia - 1
thankgoodness - 1
bachelor - 1
neveragain - 1
theywerespeakingspanish - 1
idontunderstand - 1
 !!!!! - 1
pistasdeblue - 2
esurancesave30automaticwinnerhack - 1
foodie - 1
bluesquadrescue - 1
imdone - 1
goodtimes - 1
whore - 1
16 - 1
summerlove - 1
seeingsomeprogress - 1
exposed - 1
20 - 1
savethewhales - 1
truth - 1
best - 1
fuckcancer - 1
thebest - 1
swaggie - 1
muchneededmonday - 1
flashback - 1
cantbefriends - 1
suckonthatboyscouts - 1
mnhockeybattles - 1
lovingournewplace - 1
10 - 2
ripotis - 1
sochi2014 - 1
lucky - 1
fact - 2
mymainman - 1
onerepublic - 1
sorry - 2
okstate - 1
oomf - 1
wtf - 1
iminbed - 1
21st - 1
gethomesafelytour - 2
onpoint - 2
bcdt - 1
loveeternal - 1
thatmoment - 1
ratchet - 1
isuvsokst - 1
gaggin - 1
thebluesquad - 1
sooverit - 1
royalnation - 1
pierdevela - 1
2brokegirls - 1
87 - 1
esuarancesave30 - 1
scary - 1
u2invisible - 1
allthefeels - 1
freezebbprobs - 1
gone - 1
drinkup - 1
loveher - 1
salute - 1
girlprobs - 1
ptl - 1
sahara - 1
memories - 1
imtooyoungtodie - 1
sub - 1
vanderpumprules - 1
rl - 1
communist - 1
neverforgetbenghazi - 2
rescuedogs - 1
pumprules - 1
3s - 1
goodboyfriend - 1
amateurhour - 1
dontdownload - 1
sb48 - 1
traitor - 1
clutch - 1
uknoigotshitlive - 1
oops - 1
25daystoolong - 1
bewks - 1
burritoqueen - 1
iphone - 1
nerds - 1
10stepsahead - 1
sorryguys - 1
folsom - 1
very - 1
soldout - 1
babymarshall - 1
drama - 1
bchs - 1
umn - 1
apologize - 1
fail - 1
watching - 1
letzbfriends - 1
capricorn - 1
imbrokeinthehead - 1
expertmode - 2
nobusinesslikeshowbusiness - 1
mindisrunningawaytonight - 1
mindlessselfindulgence - 1
joshritter - 1
piano - 1
truestory - 1
art - 1
awkward - 1
himym - 2
relaxing - 1
teamnosleep - 1
pianoplaya - 1
not - 1
algeria - 1
becauseican - 1
prayer - 1
highschool - 1
gayboyproblems - 1
brunch - 1
andkittens - 1
beforeipracticed - 1
 !!!! - 3
betch - 1
teamfouram - 1
flappybird - 5
itwasnicetohavemetyou - 1
afrikkaradio - 6
knockonwood - 1
chipmunks - 1
excited - 1
hueymack - 1
backpacking - 2
oddthomas - 1
jimmyfallon - 1
” <# - 1
giveclaireandellieaskfmattention2k14 - 1
asap - 1
welcometothenewage - 1
mustwearittomorrow - 1
icandiggit - 1
whataloser - 1
nohomework - 1
grandmastatus - 1
whitegirlprobs - 1
girlsnight - 1
disappointed - 1
agateframe - 1
thatslove - 1
youngdisciple - 1
coke - 1
classictrance - 1
chevrolet - 1
friendsagain - 1
starvingholdsmeback - 1
talented - 1
ensurancesave30 - 4
feelinglost - 1
danolsonpromotions - 1
playthisdick - 1
starstruckforreal - 1
seriouslylisten - 1
hotashell - 1
trufriend - 1
chilling - 1
warpaint - 1
quote - 1
sameboat - 1
gchoirtour2014 - 1
matchestheshitfort - 1
swag - 1
freakyshit - 1
omg - 1
texasdonuts - 1
vsco - 2
selfie - 1
sweetdreams - 1
iwantallthepuppies - 1
wheredidtheygo - 1
furious - 1
juanita - 1
