@Java_2_J2ee: Hmmm what has Varun Gandhi done so far in BJP to enjoy such higher position ?
@Java_2_J2ee:Software Solutions Architect  | Love to Play Guitar  | Sing & Compose Country Love Songs
Pune India 
-999,-999
@sonaliranade: RT @farzana_versey: Madhu Kishwar was trying to be more loyal than the king. What happens to her ref to Varun Gandhi as "Modi baiter"? http…
@sonaliranade:Trader
Seattle
-999,-999
@BiharKaBakait: SO prime-time Tv is discussing VaruN gandhi allegedly saying "it was ok" noone has time for Sonia Gandhi 's naming iN itali in #chopperscam
@BiharKaBakait:null
nlc
-999,-999
@tripurari_pande: RT @IndiaFinger: If Rahul Gandhi is BJP's best campaigner so far then it's safe to presume that Varun Gandhi is Congress' best campaigner
W…
@tripurari_pande:???? ???? | ????? ????? | ???? ???? ?????? ???? | ?????? ?? ??? ?????? ???? ?? ??? ?? | ????? ?? ??? ?? ??? ???? ?? ??? ?? |
??????? ???????
-999,-999
@Sajaanobanerjee: RT @farzana_versey: Madhu Kishwar was trying to be more loyal than the king. What happens to her ref to Varun Gandhi as "Modi baiter"? http…
@Sajaanobanerjee:No Maoists allowed on my timeline. Else you bhill bhanish ! Tweets about politics, secretly harbours national ambitions. Parody account.
30B, Harish Chatterjee Street.
-999,-999
@vivek_chundru: After Army coup false news...Indian Express tried something weird with Varun Gandhi & Namo...failed... http://t.co/9hmrWiOgOM
@vivek_chundru:I am what I am.!!..Unlike most of others,a staunch supporter politics,government & I believe in system..!!
bangalore
-999,-999
@oneindiagujarat: ???? ????? ????? ???????, ????? ?????? ????? http://t.co/92Ghkh8awy #VarunGandhi
@oneindiagujarat:A Gujarati news portal brings news in Gujarati from India and international news headlines, top stories on business, politics, sports and entertainment news
nlc
-999,-999
@scotchism: RT @farzana_versey: Madhu Kishwar was trying to be more loyal than the king. What happens to her ref to Varun Gandhi as "Modi baiter"? http…
@scotchism:I may not agree with what you have to say, but I'll defend to death your right to say it. Immune to #BlueVirus.
Congikutta.
nlc
-999,-999
@TheSheWoolf: RT @TheFekuMan: I am vehemently against Dynasty politics! I hate shehzadas, except Varun Gandhi, Aaditya Thackeray, and the Badal family.
@TheSheWoolf:Duh!
Over the hill, under the moon
-999,-999
@imsazib: Varun Gandhi was given the charge of W.B by BJP. Smart move by Varun.BJP will score a big zero in W.B and no one can blame him but Modi
@imsazib:Nothing more than a man who care enough to try. 99% of the time my brain is thinking blah,meh, why, huh, WTF, food and SM.The other 1% I’m usually asleep
INDIA
22.5317868,88.3698723
@laidback1954: So Varun Gandhi has tweeted and clarified regarding the controversy. In the bargain, he ha been trending on Twitter !!
@laidback1954:IIT Engineer turned Financial Planner. Worked/lived across India .Believe that life has much more to offer .
Ahmedabad , India
-999,-999
@openguru: RT @goldenpeak24: @IndianExpress Your Paper must owe an apology for this report on @varungandhi80     http://t.co/Wh4Ij9yBbm
@openguru:Just another human being lost in time and tide..
Bangalore
-999,-999
@farzana_versey: What about the other BJP darbari Tavleen Singh who called Varun Gandhi a "shahzada"? Varun as a Gandhi is perfect for sympathy wave for BJP.
@farzana_versey:A pause, a punctuation. All else is about being sentenced to sentences. I am a writer if you are a reader, or else it is just so much dust in the air. (1-1-12)
India:Or wherever you find me
-999,-999
@arun7257: ???? ?? ?? #?????????,  ???? ??? ???? ?? ????? http://t.co/O1n12GoXBe via @oneindiahindi
@arun7257:null
Dehradun
-999,-999
@amitagra21: RT @vivek_chundru: After Army coup false news...Indian Express tried something weird with Varun Gandhi & Namo...failed... http://t.co/9hmrW…
@amitagra21:AAJ HINDU JINDA HAI TAU ISLIYAIN KI KOI TALWAR, KOI BAROOD IS FAULAD KO MITA NAHIN PAYI
HYDERABAD/NOIDA/BANGLORE
-999,-999
@SamKhan999: RT @farzana_versey: What about the other BJP darbari Tavleen Singh who called Varun Gandhi a "shahzada"? Varun as a Gandhi is perfect for s…
@SamKhan999:Writer, Playwright, Loves Literature, History & Arts, Op-ed Contributor Vocal against Religious Intolerance, Humanist,  RT not my views.
India
-999,-999
@BiharKaBakait: Prime-time Tv is discussing Varun Gandhi allegedly saying "it was ok" noone has time for Sonia Gandhi 's name in #chopperscam
@BiharKaBakait:null
nlc
-999,-999
@sonaliranade: RT @farzana_versey: What about the other BJP darbari Tavleen Singh who called Varun Gandhi a "shahzada"? Varun as a Gandhi is perfect for s…
@sonaliranade:Trader
Seattle
-999,-999
@shaileshpatel61: RT @oneindiagujarat: ???? ????? ????? ???????, ????? ?????? ????? http://t.co/92Ghkh8awy #VarunGandhi
@shaileshpatel61:null
Surat India
-999,-999
@Sachin3S: RT @narendramoddi: Varun Gandhi was misquoted by Indian Express today. At Kolkata rally almost 50 Lakh participated and here is a proof. ht…
@Sachin3S:Associated with Leading BioPharma ! Specialisation in Critical Care & Anaesthetic Medicine ! With Progress....With Congress ! RTs are not endorsement.
nlc
-999,-999
@doctor_sidhant: RT @farzana_versey: Madhu Kishwar was trying to be more loyal than the king. What happens to her ref to Varun Gandhi as "Modi baiter"? http…
@doctor_sidhant:MBBS, preparing for pg entrance exam, atheist, irreligious, scientist, uses logic for stuff and not at all blind worshipper.
nlc
-999,-999
@mahendrad4: #varun gandhi- is shehzada of bjp.
@mahendrad4:I feel the work i do.....there iz no word like formality in my lyf........tht's it abt me...
calcutta
-999,-999
@Punditmusings: RT @narendramoddi: Varun Gandhi was misquoted by Indian Express today. At Kolkata rally almost 50 Lakh participated and here is a proof. ht…
@Punditmusings:Inform. Educate. Articulate. 
Fair and Balanced.  Neutral commentary on turbulent times
India
-999,-999
@imsazib: Varun Gandhi was given the charge of W.B by BJP. Smart move by Varun.If BJP scores a big zero in W.B no one can blame him but Modi
@imsazib:Nothing more than a man who care enough to try. 99% of the time my brain is thinking blah,meh, why, huh, WTF, food and SM.The other 1% I’m usually asleep
INDIA
-999,-999
@Bgiridharr: RT @phegde127: @priyankac19 Ma'am pls have a look at attached tweets from Varun Gandhi. FYI http://t.co/D0FgN3v5SD
@Bgiridharr:Unravelling life, travelling. Internet addict.
Likes to ask straight Qs...on occasion. Retweets on whim. Follow at own risk! 
Jipmer. Walker. Mason at heart.
nr Hyd
-999,-999
@Harnam2Harnam: @mahendrad4 varun gandhi is 100 times better than #pappu of cons
@Harnam2Harnam:Nationalist & a staunch namo supporter
Delhi
-999,-999
@farzana_versey: "My mother had told me that I should not say anything bad against people who are on their deathbed." - Varun Gandhi in 2009 on the Congress.
@farzana_versey:A pause, a punctuation. All else is about being sentenced to sentences. I am a writer if you are a reader, or else it is just so much dust in the air. (1-1-12)
India:Or wherever you find me
-999,-999
@RD_justRD: RT @arunmsk: Moral of Varun Gandhi controversy.. Gandhi Dynasty speaks truth. Which Liar #Feku Modi and hypocrite BJP hates. Speak lies and…
@RD_justRD:President Liberal Youth Front (LYF), a non-political org. Ex-Dist President NSUI (2004-09). Sachin Tendulkar Fan.
Hailakandi, Assam, India
-999,-999
@dr_sushilojha: RT @narendramoddi: Varun Gandhi was misquoted by Indian Express today. At Kolkata rally almost 50 Lakh participated and here is a proof. ht…
@dr_sushilojha:null
nlc
-999,-999
@neha_aks: I am not a Varun Gandhi fan but its outrageous to tell him to go to Congress for one remark in one newspaper which was supposedly anti-BJP.
@neha_aks:Columbia CS - Bhartiya Janta not Aam Aadmi - Tweets about Science, Religion, Politics, Technology, User Experience #proudgeek #Yindoo From Lucknow, UP
New York, NY
-999,-999
@wanimasud: RT @farzana_versey: Madhu Kishwar was trying to be more loyal than the king. What happens to her ref to Varun Gandhi as "Modi baiter"? http…
@wanimasud:My responses are sharp&spontaneous Proud 2b a Muslim.Love L Homo sapiens.RT's interest me.Persons who respect others sensitivities are just simply adorable.
Srinagar
-999,-999
@dhankharvs: RT @narendramoddi: Varun Gandhi was misquoted by Indian Express today. At Kolkata rally almost 50 Lakh participated and here is a proof. ht…
@dhankharvs:MEHAM  ROHTAK HARYANA
ROHTAK ., HARYANA .INDIA
-999,-999
@EsquareSadiq: RT @RajeshJoshi: Only 50,000 people came for Modi's rally in Kolkata, says 'firebrand' Hindutva leader Varun Gandhi. Oops! http://t.co/12HE…
@EsquareSadiq:null
Bangalore
-999,-999
@RaskoBalva: RT @Joydas: Mitron, Varun Gandhi is wrong. Crowd in Kolkata Rally was around 1.2-1.8 Billion. Another 1 Billion was stopped by TMC cadres f…
@RaskoBalva:Proud to be Indian ~ Cricket, watching selective movies, follow politics, selective reading
nlc
-999,-999
@gopal2315: @smarket @varungandhi80 What happened to Varun Gandhi now?
@gopal2315:Civilization, tradition and culture are identities of a country.
India's identity is its spirituality.
Give as good as you get. Researcher & patriotic by choice
Dublin (Khagaria, Bihar)
-999,-999
@SecularTrainee: RT @anshuul_kaul: Varun Gandhi has come out with a clear and unambiguos clarification. All those now denigrating him can EAT CROW!!!
@SecularTrainee:Tweets On Politics, Sports & Random Topics...Against Seculars....Pro MODI.....Pro INDIA...!!
New Delhi
-999,-999
@RD_justRD: My advice for Varun Gandhi: Dont go for morning walks for few days. Good for your health. #HarenPandya @joydas @scotchism @marendranodi
@RD_justRD:President Liberal Youth Front (LYF), a non-political org. Ex-Dist President NSUI (2004-09). Sachin Tendulkar Fan.
Hailakandi, Assam, India
-999,-999
@TruthNFake: RT @narendramoddi: Varun Gandhi was misquoted by Indian Express today. At Kolkata rally almost 50 Lakh participated and here is a proof. ht…
@TruthNFake:null
India
-999,-999
@Dineshraheja77: RT @ModiBharosa: Varun Gandhi clears media mischief on his twitter account ~ @varungandhi80. Two minutes silence for everyone counting no. …
@Dineshraheja77:Managing Director at North India Data Analysts P Ltd , A True Nationalist & A Narender Modi Supporter
at Kaithal Haryana
-999,-999
@manish_pune: @devnampiya Varun Gandhi . The moron
@manish_pune:null
nlc
-999,-999
@BAChandarana: RT @neha_aks: I am not a Varun Gandhi fan but its outrageous to tell him to go to Congress for one remark in one newspaper which was suppos…
@BAChandarana:Indian, Supports @Narendramodi & @Swamy39, wants to work for BJP in 2014 elections, Business Developer in IT firm #CongressMuktBharat
Ahmedabad
-999,-999
