@GossipGawker: Microsoft's New CEO Is Cloud Guru Satya Nadella - SAs had been widely rumored and expected, Microsoft's new CEO is... http://t.co/u2A1yekH5i
@alanngarlicB2: i wonder who's all doing that mr. bengal 2014 thing
@alanngarlicB2:Polish senior at Bonanza HS; dark jokes comedian, existentialist, & future astrophysicist; tweets coming at you like a darkskin to a white girl with booty
Las Vegas
-999,-999
@hostgatorcodes: #BigData Why Nadella is the right CEO for Microsoft in an age of big data and bigger platforms: (gi... http://t.co/0YYGlELyPw
@hostgatorcodes:HOSTGATOR25OFF is the best 25% off http://hostgator.com coupons code for hosting wordpress, joomla, drupal, magento, wiki, phpbb, MySQL, PHP, ecommerce stores
Houston, TX
-999,-999
@By_Menon: RT @SeaGlobalist: Indian-born innovator Satya Nadella takes the helm at Microsoft http://t.co/2UV4QO05Mw
@By_Menon:Executive Director of @GHETS. Third Culture Kid turned Adult. Runs on tea and wanderlust. Works for  #GlobalDev, #HumanRights, & #GenderEquity. Tweets are mine.
United States
-999,-999
@avneet987: RT @AviralKapur: @sarkar_swati @prasannavishy Bengali elites in Bengal are Leftist, they cant even stomach love coming from a right wing le…
@avneet987:paid to live
delhi
-999,-999
@vibhavarms: RT @offstumped: Hilarious press release by @AITCofficial https://t.co/KYSErQnynX "review committee meeting held today" ;) .... good for Ben…
@vibhavarms:Dislike for flexible morality. Retweets are not endorsements .
Kolkata, India
-999,-999
@divyang10: RT @TheBigDowg: Who are we?
INDIANS

Who are we proud of?
SATYA NADELLA

Who is he?
CEO - MICROSOFT 

Do we use original Microsoft products…
@divyang10:Indian, Bleeding Blue,Big MSD,Rahul Dravid ,SRK fan..!!

-999,-999
@LiveActionMatt: Selling Bengal bouts tickets if anybody wants one #comewatchmepunchpeople
@LiveActionMatt:Doin it live. Notre Dame Class of 2016

-999,-999
@tadepallir: Satya Nadella now this Hyderabad school's most famous alumni.Long live Hyderabad Public School @hpsbegumpet  http://t.co/GiIaUwZ1au
@tadepallir:Dean, Love School of Business @ Elon University. I tweet on issues relating to business with a focus on strategy, globalization and ethics.
Elon, NC
-999,-999
@cariappa: It's sad that Indians and Indian institutions are  gloating in Satya Nadella's CEO appointment. He was successful because he emigrated.
@cariappa:Dreamer, drifter, wannabe technologist, data glutton, HR analyst, Googler. Can easily be bribed with coffee and ideation. All views mine.
Singapore | www
37.4200986,-122.0753369
@prakashreddy461: RT @sardesairajdeep: So where does Satya Nadella stand on Telangana? Waiting for some of my brethren to make that the next controversy! Hav…
@prakashreddy461:#BJP Supporter, Sports junkie, Columnist, Political and Movie Critic, News Hunter, Content writer for http://iqlikmovies.com
hyderabad
-999,-999
@Samson_James: I liked a @YouTube video http://t.co/S0cp2Iml1J Inside Scoop: Why Microsoft named Satya Nadella
@Samson_James:Photography Student
Melbourne, Australia
-999,-999
@brandwingman: http://t.co/bos5xBueuy
@brandwingman:null

-999,-999
@Cigarcurator: Microsoft names Satya Nadella CEO; Bill Gates stepping down as chairman to serve as tech adviser - GeekWire http://t.co/CazIu4sa2V
@Cigarcurator:Sharing the art of cigars ~especially smoking them!
Seattle
-999,-999
@thedatacrunch: RT @yochum: Why Nadella is the right CEO for Microsoft in an age of big data and bigger platforms — Tech News ...... http://t.co/cUgzpP9QqP…
@thedatacrunch:I crunch data, therefore I am.
nlc
-999,-999
@aiyerravi: RT @TheBigDowg: Who are we?
INDIANS

Who are we proud of?
SATYA NADELLA

Who is he?
CEO - MICROSOFT 

Do we use original Microsoft products…
@aiyerravi:...
nlc
-999,-999
@Taydigs21: @RSherman___25 You got that Nati Swag! That's why my favorite NFL player, that's not a Bengal! Who Dey Nation!
@Taydigs21:null
nlc
39.16017501,-84.44636269
@prabhakarjk: nearly half billion search results for Satya Nadella,a toast of the Social networking sites
@prabhakarjk:Founder JK Green Tek,Managing Trustee KP Foundation,hands-on,thrives on Challenges biz of Solar Energy, Mobile internet ,The President of India Awarde
India
-999,-999
@enformatya: BILL GATES RENUNCIA A LA PRESIDENCIA DE MICROSOFT, SATYA NADELLA ES EL NUEVO CEO - EnFormatYa http://t.co/dikIOVq5RO
@enformatya:Las mejores noticias de las que todos hablan día a día, Siguenos!
Venezuela, Panama, Colombia 
-999,-999
@saliltripathi: @acorn I find it interesting that Nadella was from Manipal Inst, not IITs. Worth some reflection. @sumeetkulkarni
@saliltripathi:Contributing Editor at @livemint and @thecaravanindia. Director, Emerging Issues at @ihrb. Forthcoming book - Bangladesh War (71) + aftermath at @AlephBookCo.
London
-999,-999
@geekshut: Satya Nadella announced as Microsoft CEO: http://t.co/4IIwUbAHLu by @jameslewischild @geekshut | #technology #gadgets #news
@geekshut:Geeks Hut provides its readers the latest #technology #news, in-depth technology reviews and great technology advice on a daily basis.
United States
-999,-999
@DWGroseclose: Very much wortth the read.  @TransVoyant.  Satya Nadella's first letter to employees as Microsoft's CEO http://t.co/ObQCk5ag8v
@DWGroseclose:Husband, Father, and graying Surfer who influences behavior through real-time intelligence and prescriptive analytics in spare time.
nlc
-999,-999
@Karthigah: RT @RJvimala: Satya Nadella's email to employees on first day as Microsoft CEO
http://t.co/MJbaNWmJIn
@Karthigah:I love being myself, no matter what. Some will adore me & some will hate everything about me, but who cares? It's my life, I'll make the most out of it :-)
Kuala Lumpur
-999,-999
@Iymaah: Nadella as Microsoft CEO: A slap in the face for Indian system http://t.co/aRBZWIXXfQ #fb
@Iymaah:null
Singapore
-999,-999
@dwij2u: West Bengal gives a thumbs-up to Modi at rally: Much before noon, people had begun streaming in on foot mainly... http://t.co/zeuNkN9QT1
@dwij2u:Business Networking.
http://www.fh150.com/FH150//?dwij2u
http://talkfusion.com/1695148
http://aseaindia.teamasea.com
Noida, NCR, India
-999,-999
@saifalikhan: RT @TheInsaneSane: Congratulations Satya Nadella. Houde kharcha! http://t.co/4LM54dycDj
@saifalikhan:The man in the arena.
nlc
-999,-999
@ginalimp: #USA  #NEWS » http://t.co/jcBQdOx7LE #HOT #NEWS 886 #Satya #Nadella #Microsoft #CEO #Satya #Nadella #Marks #Another #Victory #for #Indian #…
@ginalimp:Nurse Aide, Independant Beachbody Coach, Fun, Goofy, Silly, Lovable, Just Me! 3
Kentucky
-999,-999
@SekliasBerita: Steve Ballmer Tegaskan Sangat Mencintai Microsoft: Setelah Satya Nadella diumumkan sebagai CEO baru, Ballmer p... http://t.co/69YO24pCdo
@SekliasBerita:Berita seputar Indonesia Terupdate Setiap Saat.
Indonesia
-999,-999
@SharePointBI: How #SatyaNadella will lead #Microsoft differently http://t.co/Kij1m3cFT1
@SharePointBI:Technologist specializing in SharePoint, Business Intelligence (BI),Office365 and TARGITBI Reseller. Bikram Yogi, Husband, Father and hardcore biker! LIVE FREE!
worldwide
-999,-999
@TipsInfoGadget: Steve Ballmer Tegaskan Sangat Mencintai Microsoft: Setelah Satya Nadella diumumkan sebagai CEO baru, Ballmer p... http://t.co/71v9au3Qwg
@TipsInfoGadget:Follow akun ini untuk mendapatkan tips & info seputar gadget. Cek juga http://bit.ly/JualHP untuk mendapatkan gadget dengan harga termurah  :)
Di Genggaman Tanganmu
-999,-999
@AndyBlogger_ID: Steve Ballmer Tegaskan Sangat Mencintai Microsoft: Setelah Satya Nadella diumumkan sebagai CEO baru, Ballmer p... http://t.co/3jBI8QyDjD
@AndyBlogger_ID:Real Account Andy Prayetno
world
-999,-999
@PapehY: RT @heyyouapp: ¤ #USA http://t.co/rEmBOf2RCc #Satya #Nadella #Microsoft #CEO #Satya #Nadella #Marks #Another #Victory #for #Indian #America…
@PapehY:Life is short, break the rules, forgive quickly, kiss slowly, love truly, laugh uncontrollably, never regret anything that made u smile. Live with no regrets
Oregon
-999,-999
@Microsoft_Korea: RT @bizspark: We have proof that new Microsoft CEO Satya Nadella loves startups building in the cloud. He says so on his laptop. http://t.c…
@Microsoft_Korea:????????? ??? ??? ??? ? ?? ?? ???? ?? ?? ?????. ?? ? ??? ??? ???? ?? ???(@MSHelpsKorea)? ????(1577-9700)? ??? ??? ????.
nlc
-999,-999
@MarshallLevell: $GE Microsoft May Be Undermining Nadella By Bringing Back Gates http://t.co/jY7hGWwvTR
@MarshallLevell:null
nlc
-999,-999
@ohio98babe: RT @heyyouapp: ¤ #USA http://t.co/rEmBOf2RCc #Satya #Nadella #Microsoft #CEO #Satya #Nadella #Marks #Another #Victory #for #Indian #America…
@ohio98babe:You only live once,but if you do it right that's enough
Ohio
-999,-999
@dbopche09: RT @VanDiablo: Satya Nadella is still trying to watch his Facebook movie on Internet Explorer.
@dbopche09:I am a learner..!!
nlc
-999,-999
@debbyxme: RT @heyyouapp: ¤ #USA http://t.co/rEmBOf2RCc #Satya #Nadella #Microsoft #CEO #Satya #Nadella #Marks #Another #Victory #for #Indian #America…
@debbyxme:Living in Oregon ?
Oregon
-999,-999
@shawnatrick: RT @heyyouapp: ¤ #USA http://t.co/rEmBOf2RCc #Satya #Nadella #Microsoft #CEO #Satya #Nadella #Marks #Another #Victory #for #Indian #America…
@shawnatrick:follow me, i follow back ?
Florida
-999,-999
@nitinsharma13: RT @Dipankar_cpiml: Modi asked Bengal to remember that Pranab Mukherjee was never made PM. If he is so fond of his Pranabda why did BJP opp…
@nitinsharma13:Be good, do good!
Bahrain
-999,-999
@bnprashanth12: Nice to see Indians take over the reins of corporate America.. Congratulations Satya Nadella
@bnprashanth12:null
nlc
-999,-999
@sync_prateek: RT @ganeshnairBJP: left ruined West Bengal for 33 years, now TMC is playing godfather !! vote for BJP for the real "parivarthan" ! #NaMoInK…
@sync_prateek:Heavy & Huge admirer of Arun Shourie. Frustrated by UPA and ScamMohan. Yes I am, till 2014 self-accelerated for MODIfying India. AOL in mind and service.
Bangalore
-999,-999
@Trending_India: #Trending India ~ 1. Satya Nadella 2. New Zealand 3. #TopLifeRegrets 4. #FirstLoveIs 5. #GetWellSoonArnab 6. #TheSTARForMe
@Trending_India:Why is it trending? Follow me & you won't ask. I RT top tweets  for trends, news & funny tweets. Welcome to chaos. also @nowtrending_
nlc
-999,-999
@shubhaS: RT @daipayanhalder: Satya Nadella isn't an Indian story. Not an American story also. It's a story of the positives of a globalised world. H…
@shubhaS:Journalist. Observer. Group Entertainment Editor, Jagran group and Mid Day.
Mumbai
-999,-999
@cnni: Satya Nadella is the first Indian-born CEO of Microsoft. Who are some other nonwhite execs of Fortune 500 firms? http://t.co/E2cJArbPbh
@cnni:Breaking News, World, Business, Sports and Entertainment News
Everywhere
-999,-999
@BoganBengal79: 95% Freshman on Track, 90% sophomores on track, 89% attendance.  The Bengal Way is the only way! #Transformation2014 #ChiPubSchools
@BoganBengal79:William J. Bogan Computer Technical High School is located on Chicago's Southwest Side.  We're an IB school serving 1200 students in grades 9-12.
Chicago, IL
-999,-999
@paolamoretto3: RT @obrien: Challenges await, but don't underestimate Microsoft's Satya Nadella http://t.co/TeQlatFIwX via @latimes
@paolamoretto3:Proven technology executive, proud mom, outdoors loving. Changing the way applications scale in the cloud with Nouvola. @NouvolaTech
Portland, OR
-999,-999
@kupeli_1974: RT @DuzgunOrhan: "@Zeynepdagtekin: 1903 sömürgeciligi, Hindistan Bengal bölgesi, yerli bir kad?n ve  medeni ?ngiliz tacir http://t.co/A6n7R…
@kupeli_1974:???R TADINDA HAYAT HERKES?N HAKKI
KAYSER?
-999,-999
@manojpallai: US media, analysts welcome Nadella with some caution - http://t.co/hcinQ4GOpa via http://t.co/QnrbNXPTRd
@manojpallai:Online/Digital Marketing Expert and Web Entrepreneur.
SEO Consultant, PPC Expert, Social Media Strategist, Blogger and CMS Developer (Joomla, Word Press) INDIA
Skype ID:  manoj.seo
-999,-999
@MsPutOptions: Fake Nadella Twitter account causes confusion
@MsPutOptions:Click here   http://www.msputoptions.com
nlc
-999,-999
@flakdinenno: Satya Nadella: His first interview as CEO of Microsoft - YouTube http://t.co/hHeleY8Zyc
@flakdinenno:Like to be the least intelligent in a room. Founder, advisor, developer @StartupWeekend @NYCSW. Boring, awkward, insecure. Sarcastic. Dog Lover. Lactose Hater
New York (NYC), NY, USA
-999,-999
@itsyahboikumar: RT @cnni: Satya Nadella is the first Indian-born CEO of Microsoft. Who are some other nonwhite execs of Fortune 500 firms? http://t.co/E2cJ…
@itsyahboikumar:a talented programmer *teenage millionaire* future CEO of some amazing high tech company
at your local developers club
-999,-999
@aurobindoxp: Nadella as Microsoft CEO A slap in the face for Indian system - Page 1 | Firstpost http://t.co/ifp1jpWtcP
@aurobindoxp:null
New Delhi
-999,-999
@aadarniy_guruji: RT @swapnilchichani: More importantly, no Manipal :-D | Nadella makes no mention of his Indian background - Hindustan Times http://t.co/1Sr…
@aadarniy_guruji:Foodie | Lost in my own thoughts | Smiling | Love Life | Funny | Egoist | Narcissist | Cheap | Dirty minded :D U'l lov to b wid me xD
Indore
-999,-999
@1101adityam: Microsoft's new CEO Nadella says that the secret to success is 'renew' or die http://t.co/CAIpHFYG88
@1101adityam:passion for  #innovation, #technology and #strategy ...
nlc
-999,-999
@khanaj60: RT @Joydas: Narendra Modi asks why West Bengal has dropped in Education. Fair but he should first answer why Gujarat has dropped http://t.c…
@khanaj60:RETIRED CIVIL SERVANT SETTLED IN WHAT USED TO BE THE PENSIONER'S PARADISE ...
PUNE
-999,-999
@Pirate_Journal: Nadella is Just What Microsoft Needs, Venkatesan -  By Sean McLain CONNECT Satya Nadella in Seattle, July... http://t.co/JYzDVKkgt3
@Pirate_Journal:null
nlc
-999,-999
@megapintora: BBC Mundo - Satya Nadella: el indio que quiere cambiar la fortuna de Microsoft http://t.co/5B8AmyQCvr
@megapintora:Publicista - Pintora - Galerista - Gestora Cultural
Talca - Chile
-999,-999
@WorldHeadliners: Microsoft's wonder boy Satya Nadella 'hungry to do more' http://t.co/CRVwVelVlN
@WorldHeadliners:null
nlc
-999,-999
@keyurshah31: Microsoft's wonder boy Satya Nadella 'hungry to do more': Hyderabad born Satya Nadella was educated at Manipal... http://t.co/f5dM7hayze
@keyurshah31:null
Ahmedabad
-999,-999
@AroundDEarth: Microsoft's wonder boy Satya Nadella 'hungry to do more': Hyderabad born Satya Nadella was educated at Manipal... http://t.co/L6wpYvPqtp
@AroundDEarth:null
nlc
-999,-999
@ND_YK9: RT @cnni: Satya Nadella is the first Indian-born CEO of Microsoft. Who are some other nonwhite execs of Fortune 500 firms? http://t.co/E2cJ…
@ND_YK9:Young Senior
MA
-999,-999
@prayagfaldu: RT @cnni: Satya Nadella is the first Indian-born CEO of Microsoft. Who are some other nonwhite execs of Fortune 500 firms? http://t.co/E2cJ…
@prayagfaldu:the waves will break every chain on me
CT/Rhody
-999,-999
@ricardowec: Six challenges for #Microsoft as the Satya Nadella era begins | ZDNet http://t.co/n57Ru92Phv
@ricardowec:TECNOLOGIA DE INFORMACION - Consultor - Analista - Micro Blogger - Mobile - Proyectos - Social Media - Reputacion de Marca  -            +1 786  361 7390
USA - Ecuador
-999,-999
@DataPrimeCloud: RT @EverythingMS: Microsoft to pay Satya Nadella $14.4-18 million annually for CEO gig http://t.co/jx8B5GHmGK
@DataPrimeCloud:Big Data and Cloud Computing
http://dataprimecloud.com/drupal
nlc
-999,-999
@BaronianConsult: RT @cnni: Satya Nadella is the first Indian-born CEO of Microsoft. Who are some other nonwhite execs of Fortune 500 firms? http://t.co/E2cJ…
@BaronianConsult:Interested in Aerospace, Aviation,  Advanced Technologies, HealthCare Technologies, Competitive Intelligence, Human Capital Solutions
nlc
-999,-999
@mechandru: RT @vbzu: Nadella's total package at Rs 112 crore
Hyderabad-born techie will get a base annual salary of $1.2 million (Rs 7.5cr) as Microso…
@mechandru:Instead of following celebrities and seeing their tweets, I want to follow and been followed by normal people and share tweets to have special moments.
Surat, Gujarat 
-999,-999
@steveisom: Seems like he's the right one for the job and up for challenge -> How Satya Nadella will lead Microsoft differently http://t.co/hUCBAU3nQ7
@steveisom:Growth Equity Associate / KC Sports Fan living in Boston
Boston, MA
-999,-999
@OneHRvoice: RT @Satya Nadella first commitment as CEO...i won't wait 4 years between tweets!
@OneHRvoice:Thinker, Buddy, Traveller, Ideator, HR advocate
nlc
-999,-999
@sriram_maddy: RT @SandipGhose: Didi, Dada, Bhai -  #Modi formula for West Bengal #NaMoInKolkata http://t.co/uVnL7LPsVY
@sriram_maddy:Performance Engineer, Cummins Inc.Ohio State & CEG Alumnus. Following Lok Sabha 2014 elections keenly!
Columbus,Indiana USA
-999,-999
@srfcwaffles: RT @cnni: Satya Nadella is the first Indian-born CEO of Microsoft. Who are some other nonwhite execs of Fortune 500 firms? http://t.co/E2cJ…
@srfcwaffles:scouter,student,railway engineer,associated football fan ex-racing cyclist @ home
Ireland
-999,-999
@SONOR4: Microsoft elige oficialmente a su nuevo CEO http://t.co/jfQBoKOSgg
@SONOR4:Interactive Manager en @recreoagencia
Mx DF
-999,-999
@paromita_sg: RT @TheJaggi: I argue that the Indian system is incapable of creating Satya Nadellas. http://t.co/wkBsT9MQGz
@paromita_sg:A hundred and forty characters? You're ON!! Let's go for it.
USA 
-999,-999
