Bounding box has the following coordinates: (-93.65, 44.75) and (-92.9, 45.13)
Total Tweets : 18
Total time passed : 121 seconds.
Average number of tweets per minute = 9.0
Bounding box has the following coordinates: (-93.65, 44.75) and (-92.9, 45.13)
Total Tweets : 13
Total time passed : 127 seconds.
Average number of tweets per minute = 6.5
Hashtags and their counts:
bigdata - 1
comewatchmepunchpeople - 1
Bounding box has the following coordinates: (-93.65, 44.75) and (-92.9, 45.13)
Total Tweets : 24
Total time passed : 134 seconds.
Average number of tweets per minute = 12.0
Hashtags and their counts:
fb - 1
gadgets - 1
hot - 1
satyanadella - 1
technology - 1
… - 1
news - 3
america - 4
another - 5
ceo - 5
for - 5
indian - 5
marks - 5
usa - 5
victory - 5
microsoft - 6
nadella - 10
satya - 10
Bounding box has the following coordinates: (-93.65, 44.75) and (-92.9, 45.13)
Total Tweets : 34
Total time passed : 123 seconds.
Average number of tweets per minute = 17.0
Hashtags and their counts:
chipubschools - 1
firstloveis - 1
getwellsoonarnab - 1
microsoft - 1
modi - 1
namoink - 1
namoinkolkata - 1
thestarforme - 1
topliferegrets - 1
transformation2014 - 1
trending - 1
