Bounding box has the following coordinates: (-93.65, 44.75) and (-92.9, 45.13)
Total Tweets : 8326
Total time passed : 28802 seconds.
Average number of tweets per minute = 17.345833333333335
Hashtags and their counts:
...  - 1
1 - 1
10things - 1
200aday - 1
2014 - 1
2for10 - 1
4bedroom - 1
6thq - 1
7thq - 1
8thq - 1
9thq - 1
? - 1
aamaadmiparty - 1
abc - 1
ace - 1
adorable - 1
adoree - 1
adoring - 1
advancingsa - 1
advertising - 1
africa - 1
africablogs - 1
afternoonvoice - 1
allinhisboxhead - 1
allthekittycats - 1
alumni - 1
amaze - 1
ambitions - 1
anagram - 1
apis - 1
applications - 1
appsense - 1
apron - 1
aryasport - 1
aschaffite - 1
aside - 1
assamjobs - 1
augedc - 1
autotekno - 1
b - 1
b0wtj4htweet - 1
bag - 1
balizoo - 1
bass - 1
batmanvssuperman - 1
battery - 1
beastindiainit - 1
beautiful - 1
been - 1
bengalnation - 1
bengkelgadget - 1
berita - 1
beritabulukumba - 1
bgr - 1
bhaskarnews - 1
bhavikbhavsar - 1
bj - 1
blog - 1
bloomberg - 1
blowtotelengana - 1
bluechip - 1
bogorit - 1
bombaytimes - 1
boy - 1
brattycat - 1
breaki - 1
bringgatesback - 1
bruins - 1
buatloe - 1
bubblews - 1
bucharestsatyanadella - 1
burgernight - 1
businessbuddies - 1
businessworld - 1
canaltech - 1
capacity - 1
castle - 1
catsofinstagram - 1
ceoleveltroll - 1
ch - 1
chai - 1
charmander - 1
chelsea - 1
chicagobooth - 1
citrix - 1
clairelee - 1
clavesdeld - 1
cloudguru - 1
cloudisimportant - 1
cnawesome - 1
coffeemug - 1
companies - 1
company - 1
computer - 1
comunicacion - 1
con - 1
congrats - 1
congratulationandgdluckfornewjob - 1
congressmuktbharat - 1
consistentgoodwork - 1
cricketmatch - 1
currently - 1
customers - 1
cxd - 1
darun - 1
data - 1
datascience - 1
dateaguy - 1
deals - 1
delete - 1
desiboyz - 1
desisneverchange - 1
destacadas - 1
digital - 1
digitalia - 1
dinamica - 1
dog - 1
download - 1
downloads - 1
dryad - 1
education - 1
eevee - 1
eiboo - 1
eight - 1
empresa - 1
enable - 1
engeenenews - 1
ensw - 1
enter - 1
enterprise - 1
entertainment - 1
epic - 1
erp - 1
executive - 1
eyetoeye - 1
face - 1
facebook - 1
fact - 1
fakingnews - 1
feedptptpt - 1
fekuofgujarat - 1
financialexpress - 1
firstpost - 1
flex - 1
form - 1
forsale - 1
fuckthisshitiamgoingtomuricawalaattitude - 1
funit - 1
funnyapron - 1
g3ekarmy - 1
galaxy - 1
gameofthrones - 1
games - 1
gangrape - 1
getaroom - 1
gigaom - 1
gizmologia - 1
global6065 - 1
goodluck - 1
gopego - 1
greetings - 1
gult - 1
guthrie - 1
h - 1
hahahahaaaay - 1
headlines - 1
heena - 1
hindutava - 1
hitech - 1
hitwicket - 1
horison - 1
hps - 1
htc - 1
hunch - 1
hyd - 1
iamcp - 1
iamsopoor - 1
iberita - 1
icin - 1
ifsc - 1
ifyouknowwhatimean - 1
iims - 1
iit - 1
iits - 1
ilovemybengal - 1
ilovemydog - 1
imagica - 1
inatech - 1
independenthouse - 1
india272 - 1
indianeducationsystem - 1
indianews - 1
indianmedia - 1
indianstudents - 1
indiansystem - 1
indows - 1
infinity - 1
infoaja - 1
informatie - 1
infosys - 1
inilah - 1
innovar - 1
instacat - 1
instakitten - 1
institute - 1
interesting - 1
internetnieuws - 1
introduction - 1
ipho - 1
itbusinessedge - 1
itdnewsrss - 1
itechtitannews - 1
itprojp - 1
itsthejob - 1
jailbreak - 1
janinebucks - 1
jeudiconfession - 1
jfb - 1
jfokus - 1
jhdar - 1
jj - 1
jj_wlp_016 - 1
jn - 1
jobatech - 1
john - 1
joswabeat - 1
joyridewentwrong - 1
jugad - 1
jump - 1
junglecat - 1
justsaying - 1
kabar - 1
kannadanews - 1
kerala - 1
keystosuceed - 1
kitten - 1
know - 1
kolkatajobs - 1
l4l - 1
lab - 1
lamatinalejvm - 1
lasttweet - 1
late - 1
latinos - 1
leadership - 1
learnings - 1
liderazgo - 1
lifehack - 1
linkedin - 1
literacy - 1
little - 1
longueuil - 1
love - 1
lover - 1
lsu - 1
luanz - 1
luckyman - 1
machinelearning - 1
mamatabanerjee - 1
manbeast - 1
mangoman - 1
mediarelations - 1
memeburn - 1
memphis - 1
mic - 1
micr - 1
micro - 1
micropoetry - 1
microsoftie - 1
microsoftnerd - 1
mine - 1
mission272news - 1
mit - 1
mobi - 1
morsi - 1
motog - 1
movies - 1
mr - 1
msdyn - 1
msdynax - 1
msdyncrm - 1
msdynerp - 1
mspartner - 1
mtarled - 1
mug - 1
mustread - 1
mychildhoodbirthdaywish - 1
mydreampet - 1
mypet - 1
n - 1
nadellaindianconnection - 1
namoinbengal - 1
namoink - 1
namoinkolkatta - 1
ncp - 1
ndtv - 1
needs - 1
nehru - 1
never - 1
newborntiger - 1
newmicrosoftceo - 1
newsflash - 1
newsgames - 1
newsupdates - 1
ngo - 1
nhl - 1
njir - 1
nokia - 1
nomoreshirts - 1
noticias - 1
now - 1
nowimthirsty - 1
nowwatching - 1
nutella - 1
ocakbhebien - 1
of - 1
on - 1
oncask - 1
onereddream - 1
onestopgadget - 1
onetightslap - 1
ontario - 1
openomroep - 1
pappu - 1
partners - 1
paw - 1
perspective - 1
photogallery - 1
pincode - 1
pla - 1
playful - 1
pluto - 1
pocket - 1
poetry - 1
pokehex - 1
politics - 1
polkhol - 1
portuguese - 1
post - 1
pramit - 1
pranabmukherjee - 1
presidencyuniversity - 1
primitiveperception - 1
pro - 1
proudindian - 1
pti - 1
puneri - 1
purr - 1
qu - 1
quotefromfirstpost - 1
ra - 1
rajarhat - 1
rajnikanth - 1
reasonstoquitsmoking - 1
recipeformoments - 1
recruitment - 1
redacaolink - 1
regina - 1
renewordie - 1
renewyourself - 1
renunciation - 1
repost - 1
rhyming - 1
rifkymocha - 1
riptgbill - 1
rise - 1
runninglateexcuses - 1
sa - 1
sachezle - 1
sadbuttrue - 1
salman - 1
salute - 1
samajavani - 1
sameguy - 1
samsung - 1
sap - 1
saskatoon - 1
sat - 1
satya_nadella - 1
satyana - 1
satyanadellaforbharatratna - 1
sayta - 1
sb48 - 1
security - 1
settled - 1
shame - 1
shared - 1
shotnews - 1
sibiz - 1
sienco - 1
signsofbeingfoodie - 1
siliconvalley - 1
singhisking - 1
sinkingship - 1
skynews - 1
slate - 1
smacknv - 1
snow - 1
sobatindonesia - 1
soccerstar - 1
sochi - 1
softpedianews - 1
solidorange - 1
sotrue - 1
spokane - 1
sports - 1
step - 1
stevensinofsky - 1
stiri - 1
stupidcommonman - 1
success - 1
swiat - 1
system - 1
t - 1
tablets - 1
taliban - 1
tallorder - 1
tbcq10 - 1
tcs - 1
teaparkamos - 1
techniek - 1
techniekinfo - 1
technologie - 1
technologies - 1
technologynews - 1
technoolgy - 1
teen - 1
teknopkl - 1
tennessee - 1
thankyou - 1
theothersideofthecoin - 1
theplough - 1
theregister - 1
thinkoutsidethebox - 1
third - 1
thompson - 1
thx - 1
to - 1
topdog - 1
tp3gol - 1
traitor - 1
trending - 1
trendingintech - 1
trends - 1
ttp - 1
udayavani - 1
ups - 1
vanis - 1
vaughan - 1
vict - 1
victo - 1
video - 1
videogames - 1
videojuegos - 1
videos - 1
vip - 1
vmware - 1
vote4india - 1
washington - 1
williamson - 1
wow - 1
wpc - 1
wpc14 - 1
wykop - 1
xmen - 1
yahoo - 1
yam - 1
yeahnadellasowhat - 1
yogreencard - 1
yolo - 1
zeromile - 1
??????? #?????????? #???????? - 1
????? - 1
??… - 1
?? - 1
??????? - 1
??????? - 1
 # - 2
' - 2
171 - 2
8217 - 2
abcdesis - 2
abduction - 2
actu - 2
aggregator - 2
all - 2
amazon - 2
americans - 2
android - 2
anonymousiq - 2
app - 2
article - 2
assam - 2
assodigitale - 2
beingindian - 2
bes - 2
bestbuddies - 2
bhinnekainfo - 2
bill - 2
biznis - 2
british - 2
buzz - 2
calcutta - 2
catlover - 2
catstagram - 2
chairman - 2
childsexualabuse - 2
classic - 2
colombia - 2
computing - 2
cutie - 2
deartyler - 2
down - 2
economic - 2
email - 2
employees - 2
entornointeligente - 2
facepalm - 2
fastfact - 2
first - 2
firstinterview - 2
followme - 2
freshies - 2
funny - 2
gaming - 2
goodreads - 2
goplay - 2
headline - 2
hosting - 2
ideainternetkakeeda - 2
ieee - 2
ieeegreen - 2
indiabusinessnews - 2
indiapincode - 2
infotekno - 2
inspired - 2
insubcontinent - 2
internet - 2
iphonegame - 2
ironyinindia - 2
its - 2
jninfo - 2
kannada - 2
kashmirsolidarityday - 2
kelowna - 2
kitty - 2
koc2info - 2
latestnews - 2
lattoorepublic - 2
lessonlearnt - 2
lintastekno - 2
m - 2
marketing - 2
mba - 2
microsoftindia - 2
microsoftnewceo - 2
microsofts - 2
murder - 2
namo4india - 2
namoin - 2
namoinkol - 2
newslocker - 2
next - 2
office365 - 2
pakistan - 2
play - 2
proud - 2
proudtobeanindian - 2
quoteoftheday - 2
ravivenkatesan - 2
reservations - 2
rifakhrinews - 2
roar - 2
saskatchewan - 2
seo - 2
smallbusiness - 2
softpedia - 2
software - 2
softwareroots - 2
startup - 2
steaveballmer - 2
steps - 2
storify - 2
team_wolf1 - 2
tech_s - 2
telangana - 2
telugu - 2
theirfanism - 2
thetelegraph - 2
tiger - 2
tipsupdate - 2
toi - 2
toughguys - 2
travel - 2
trbt - 2
vanisan24 - 2
volumedelayed - 2
wearethepeople - 2
webscraping - 2
webscrapinguk - 2
weiipepo - 2
windows8 - 2
windowsphone - 2
youtube - 2
zonadetik - 2
? - 2
2 - 3
azure - 3
braindrain - 3
breakingnews - 3
congress - 3
consultant - 3
daleggere - 3
delhiartgallery - 3
do - 3
dunia - 3
fyi - 3
gamespot - 3
googlephone - 3
in - 3
innovation - 3
itnews - 3
jeruknipis - 3
justasking - 3
kalalghoda - 3
kaskusht - 3
lol - 3
mac - 3
microsoftuk - 3
mumbaiart - 3
music - 3
nadellafirst - 3
nationalis - 3
office - 3
pai - 3
rahulgandhi - 3
rt - 3
s911update - 3
satyafacts - 3
selection - 3
setting4success - 3
showlove - 3
smb - 3
techindustry - 3
tekno - 3
trndnl - 3
what - 3
apple - 4
apps - 4
ceomicrosoft - 4
enlom - 4
entrepreneur - 4
free - 4
gates - 4
iamaitravelkhana - 4
ios - 4
iphone - 4
leader - 4
modiwave - 4
mymanifesto - 4
newceo - 4
nzvind - 4
oteri - 4
podcast - 4
respect - 4
vaw - 4
zazzle - 4
10thans - 5
aap - 5
amul - 5
cat - 5
cricket - 5
cute - 5
e - 5
gadget - 5
gadgets - 5
google - 5
johnthompson - 5
manipal - 5
microsoftceo - 5
an - 6
breaking - 6
facebookmovie - 6
geek - 6
ipad - 6
ipadgames - 6
jobs - 6
nerd - 6
nzvsind - 6
rss - 6
twitter - 6
westbengal - 6
xbox - 6
asia - 7
bengalcat - 7
gamer - 7
googlenews - 7
just - 7
mumbai - 7
namo4pm - 7
onkokonsaghthisweek - 7
stock - 7
stockaction - 7
stocks - 7
bjp - 8
fb - 8
filthyislam - 8
flakoprettyx7 - 8
gameinsight - 8
getwellsoonarnab - 8
hindudefenseleague - 8
is - 8
myjihad - 8
  - 9
bigdata - 9
hildanarekkoplak - 9
named - 9
technews - 9
who - 9
hurting - 10
indians - 10
mobile - 10
msft - 10
openfollow - 10
sad - 10
stereo - 10
surya - 10
tylero - 10
desikids - 11
firstloveis - 11
kolkata - 11
suryaray - 11
tecnologia - 11
topliferegrets - 11
am - 12
hot - 12
kaskus - 12
neve - 12
steveballmer - 12
the - 12
v - 12
business - 13
loksatta - 13
cloudcomputing - 14
knowing - 14
pasadena - 14
released - 14
s - 14
texas - 14
while - 14
will - 14
windows - 14
worth - 14
a - 15
about - 15
replace - 15
steve - 15
things - 15
ballmer - 16
paidmedia - 16
teamfollowback - 16
… - 16
usa - 19
it - 20
10thq - 21
technology - 21
hyderabad - 22
names - 22
bengal - 25
cloud - 25
namo - 26
billgates - 27
can - 27
ht - 28
marathi - 29
houdekharcha - 30
indilens - 35
nationalistrss - 35
delhi - 36
et - 37
new - 37
tcbq10 - 37
as - 39
forumkaskus - 39
incorrect - 42
tech - 44
for - 46
india - 46
victory - 46
another - 48
bhooklagihai - 48
marks - 48
indian - 60
cartoon - 64
hdl - 67
news - 75
modi - 80
satyanadella - 87
namoinkolkata - 126
ceo - 154
narendramodi - 200
satya - 205
nadella - 283
microsoft - 487
