Bounding box has the following coordinates: (-93.65, 44.75) and (-92.9, 45.13)
Bounding box has the following coordinates: (-93.65, 44.75) and (-92.9, 45.13)
Total Tweets : 80
Total time passed : 937 seconds.
Average number of tweets per minute = 5.333333333333333
Number of geoTagged tweets: 1
Number of location filled profiles: 59
Hashtags and their counts:
2014 - 1
bheegibilli - 1
cricket - 1
dewgong - 1
gosip - 1
gosound - 1
level - 1
meme - 1
monstermmorpg - 1
newzealand - 1
rommance - 1
selebritis - 1
sharma - 1
spotted - 1
valentine - 1
valentinesday - 1
bhenchod - 2
valentinesdaytomeis - 2
nzvind - 3
nzvsind - 3
indvsnz - 4
