@jvmadhugowda: RT @TeamVirat: Virat Kohli ( @imVkohli ) During Practice Session (Picture 1) #IndvsNZ http://t.co/1mzkI8c466
@jvmadhugowda:null
nlc
-999,-999
@Gurditkaur: RT @SirJadeja: When the form of Ishant Sharma and Rohit Sharma hit Virat Kohli. Thanks to Anushka's visit!
The Curse of the "Sharma" !
@Gurditkaur:Commerce Student,Cricket Lover,MSDian.''Know Me To My Fullest If You Can''
India
-999,-999
@scorpioyadav: RT @khatte_angoor: Ishant Sharma taking 6 wicket haul, Rohit Sharma scoring fifty, and Virat Kohli not among runs.
New Zealand IS the paral…
@scorpioyadav:Typical Indian | Have a POV about everything | Haryanvi Genes Inside | Sports, Music & Movie Buff |
Jaipur
-999,-999
@gopalbharti: ab aap mat kahna ki virat kohli 4 run par hi kyu out ho gaya !  are use anushka ko shoping bhi to karani he yaar ! http://t.co/I0hQsTXfXW
@gopalbharti:“The best and most beautiful things in the world cannot be seen or even touched. They must be felt with the heart”
Merta City Rajasthan
-999,-999
@kamboj009: RT @SirJadeja: When the form of Ishant Sharma and Rohit Sharma hit Virat Kohli. Thanks to Anushka's visit!
The Curse of the "Sharma" !
@kamboj009:In Love With #KajalAggarwal
Gurgaon
-999,-999
@TVbuff1: RT @autowala_: Virat Kohli is the man behind Anushka's Lip Job, less smooching may get her originality
@TVbuff1:Anonymous parody account so no need to get personal with me. Test your sense of humour, laugh at yourself first. My talent is - Sarcasm..
nlc
-999,-999
@abhikabhie: RT @khatte_angoor: Ishant Sharma taking 6 wicket haul, Rohit Sharma scoring fifty, and Virat Kohli not among runs.
New Zealand IS the paral…
@abhikabhie:null
pune
-999,-999
@iPoojaPatel: "@SirJadeja: When the form of Ishant Sharma and Rohit Sharma hit Virat Kohli. Thanks to Anushka's visit!
The Curse of the "Sharma" !"
@iPoojaPatel:Dancer. Love photography. Movie and Sports lover.
USA 
-999,-999
@ravipratapdubey: These SHARMAs are so scary- After being hit by kim SHARMA  Yuvraj lost his charisma and now Virat Kohli is in chase with another Sharma..
@ravipratapdubey:Journalist  @IBN 7- passion for food, movies and cricket, 'Views are personal here' and RTs are tweets of others- ?????? ??? ?? ?? ?? ?? ???? ??? ?? ?? ??
nlc
-999,-999
@nishantsaini23: RT @SirJadeja: When the form of Ishant Sharma and Rohit Sharma hit Virat Kohli. Thanks to Anushka's visit!
The Curse of the "Sharma" !
@nishantsaini23:Sporty,Fun loving and A PROUD INDIAN..!! #GGMU #champ20ns #MITheChampionsOfIPL
Gurgaon, INDIA.
-999,-999
@SonOfChoudhary: RT @fakeriwaal: Mere paas sabut hai ki kal virat kohli ne @imvkohli ne anushka sharma ke sath sex kiya hai.. #NzVsInd #IndVsNz
@SonOfChoudhary:I am not a Doctor so I don't have BIO...I am a Pagl so I have a brilliant Mind !! ??? ?? ?
Searching...
-999,-999
@BrokenCricket: Surprisingly Virat Kohli trends not because of his performance.. Its because of Anushka Sharma... Definitely its Sharma's day #NZvsInd
@BrokenCricket:Game of Billion Hearts
nlc
-999,-999
@NoorjahaB: Virat kohli is a bullshit bitch not even have 1% of comman sence......:)
@NoorjahaB:null
nlc
-999,-999
@deejaydas02: RT @ravipratapdubey: These SHARMAs are so scary- After being hit by kim SHARMA  Yuvraj lost his charisma and now Virat Kohli is in chase wi…
@deejaydas02:I'm not addicted to twitter. I only tweet when I
have time: lunch time, break time, off time, this
time, that time, any time, all the time.
Odisha India
-999,-999
@Bakkchod: Virat Kohli, you're a legend in making. But please spare Anushka Sharma for me. #Bhenchod
@Bakkchod:Android Boy, Tendulkar is God. Victoria Secret's Models are Angels. MUFC. Social Drunkard. #AAP Chutiye Hain. Anushka Sharma's Legs. Butter Chicken Garlic Naan
??? ?????? ?? ??? ??????
-999,-999
@CricMonk: RT @khatte_angoor: Ishant Sharma taking 6 wicket haul, Rohit Sharma scoring fifty, and Virat Kohli not among runs.
New Zealand IS the paral…
@CricMonk:I am the cricket monk. Cricket provides me peace.
Worldwide
-999,-999
@deejaydas02: RT @pakhishukla21: Virat Kohli : #ValentinesDayToMeIs every year a new girlfriend nd this year Anushka Sharma. http://t.co/9cCqNoeqwj
@deejaydas02:I'm not addicted to twitter. I only tweet when I
have time: lunch time, break time, off time, this
time, that time, any time, all the time.
Odisha India
-999,-999
@shivanipatel002: RT @BrokenCricket: Surprisingly Virat Kohli trends not because of his performance.. Its because of Anushka Sharma... Definitely its Sharma'…
@shivanipatel002:a student,big fan of ICT & CSK, die hard fan of GOD-SACHIN & MS DHONI??????????????
India
-999,-999
@race06680785: RT @ICCLive: 1st Test. 118.5: WICKET! N Wagner (0) is out, c Virat Kohli b Ravindra Jadeja, 495/9 #NZvInd
@race06680785:null
nlc
-999,-999
@chichora_chora: Anushka Sharma: Hothon pe aisi baat mai
dabaa ke chali aayi.. 
Virat Kohli: BC!! ball de match ruka hua hai
@chichora_chora:searching for a girl with pointed nose, broad eyes, cute ass, one who loves samosa
P.S.:apni lorry se chori k tweets bhi challan ki jati hain...piliz dont mind
????
-999,-999
@blackrosegal: Anushka Sharma is mad about cricketers, as you can see. First Suresh Raina and now Virat Kohli.
@blackrosegal:Green Wayfarer. Kurt Cobain. Tea. Finicky Writer. Limitless dreamer. Cricket Journo. Fake Unsocialist. Jill of all trades, Mistress of none!
Roaming
-999,-999
@akkarocks: RT @SirJadeja: When the form of Ishant Sharma and Rohit Sharma hit Virat Kohli. Thanks to Anushka's visit!
The Curse of the "Sharma" !
@akkarocks:Proud indian.. Luv Cricket n #WWE HBK,HHH,DX. Stone cold,The Rock, and nw CMPunk are my fav .. Also interested in Bollywood.. I am #Akkian. Instagram: akkarocks
nlc
-999,-999
@anuzksingh: RT @SirJadeja: When the form of Ishant Sharma and Rohit Sharma hit Virat Kohli. Thanks to Anushka's visit!
The Curse of the "Sharma" !
@anuzksingh:I tweet humour, happiness & everything else that comes in between. :) Mostly RT's.
UP-15, Near China
-999,-999
@smartybhavin: Seems Sharma's aren't  good for indian cricket.. Ishant, Rohit and now Virat Kohli not performing coz of Anushka #IndvsNZ @BCCI @toisports
@smartybhavin:Stupid, Lazy
nlc
35.03965856,-89.7090186
@ashwanineelu: ???? ?????? ??? ????? ????? ?? ??????? ????? ???-??? http://t.co/JPTfq9WCRM via @NavbharatTimes
@ashwanineelu:null
nlc
-999,-999
@amirsayani: Surprisingly Virat Kohli trends not because of his performance.. Its because of Anushka Sharma... Definitely its Sharma's day #NZvsInd
@amirsayani:Blogger, Freelance Content Writer and Software Engineer. Cricket Lover. Political Adviser To Abdul Wahid Soomro MNA (PPP). BS(FAST), MBA(SZABIST) #FollowBack
Karachi, Pakistan
-999,-999
@blackrosegal: @cheth Suresh Raina is okay looking. Virat Kohli is chimpanzee looking
@blackrosegal:Green Wayfarer. Kurt Cobain. Tea. Finicky Writer. Limitless dreamer. Cricket Journo. Fake Unsocialist. Jill of all trades, Mistress of none!
Roaming
-999,-999
@sandy13490: RT @Bakkchod: Virat Kohli, you're a legend in making. But please spare Anushka Sharma for me. #Bhenchod
@sandy13490:Another Cricket Crazy Indian&&& COMPUTER ENGINEER!!!! also truly #arsenal supporter!!!!!#gunnerfamily..#bleedblue..#Mumbai
Devgad[sindhudurga]
-999,-999
@anuzksingh: RT @coolfunnytshirt: Martin Crowe: Virat Kohli is a combination of Sachin, Sehwag and Dravid. 
VK: Tareef kar raha hai ya khichdi paka raha…
@anuzksingh:I tweet humour, happiness & everything else that comes in between. :) Mostly RT's.
UP-15, Near China
-999,-999
@SandhiraInc: Virat Kohli & Anushka Sharma a long denied relationship ends with Marriage on #ValentinesDay http://t.co/qUOtZsMWke http://t.co/WGybEvi03w
@SandhiraInc:Connecting the #SouthAsian community across the Globe.
India, USA, Canada
-999,-999
@whimsicalson_: A 5-wicket haul for Ishant. A 50 for Rohit. And another Sharma entered the buzz when Virat Kohli failed. It's been a #Sharma-full day.
@whimsicalson_:Foodie. Bookworm. Dreamer. Enigma. And incessantly ravenous for ideas.
India
-999,-999
@Ashish515: RT @khatte_angoor: Ishant Sharma taking 6 wicket haul, Rohit Sharma scoring fifty, and Virat Kohli not among runs.
New Zealand IS the paral…
@Ashish515:Engineering Student!.. Sachinist, SRKian, A Dravid, HRo, Fed, Downey, Messi FAN, love Anu & DPad and a TRUE INDIAN AT HEART.
Cricket Crazy & Movie Maniac! ;-)
221B Baker Street, DEHRADUN
-999,-999
@arianahaque: RT @SirJadeja: When the form of Ishant Sharma and Rohit Sharma hit Virat Kohli. Thanks to Anushka's visit!
The Curse of the "Sharma" !
@arianahaque:Fun loving,crazy,friendly||enjoying sweet 16||Die hard fan of @msdhoni RK n @deepikapadukone :|
Too much information could be dangerous :|-RD
nlc
-999,-999
@imTagarwal: RT @SirJadeja: When the form of Ishant Sharma and Rohit Sharma hit Virat Kohli. Thanks to Anushka's visit!
The Curse of the "Sharma" !
@imTagarwal:Stop STALKING. Start FOLLOWING.
21st Century
-999,-999
@milindkoyande: #Spotted: Anushka Sharma & Virat Kohli, Holding Hands! http://t.co/bKJFNl36R2 http://t.co/uaW5m0ohRn #cricket #rommance #indvsnz #2014
@milindkoyande:Technology lover who works  @ESDSDataCenter as Project Manager and write for my Personal Technology blog: http://eitwebguru.com
India
-999,-999
@bleedbluerocks: RT @BrokenCricket: Surprisingly Virat Kohli trends not because of his performance.. Its because of Anushka Sharma... Definitely its Sharma'…
@bleedbluerocks:Bio??? who cares ; )
Mumbai
-999,-999
@KapanLagicom: http://t.co/ccqEgFYsJ7 Anushka Sharma Ketahuan Kencan Dengan Virat Kohli di New Zealand
@KapanLagicom:The Official Account of Indonesia Biggest Entertainment Site http://kapanlagi.com
Indonesia
-999,-999
@kailas_awati: RT @coolfunnytshirt: Anushka Sharma: Hothon pe aisi baat mai dabaa ke chali aayi.. 

Virat Kohli: OMG! BAAT nahi, tu puri KAINAAT dabaa ke …
@kailas_awati:null
nlc
-999,-999
@imaisharya: TRUE! >_< "@SirJadeja: When the form of Ishant Sharma and Rohit Sharma hit Virat Kohli. Thanks to Anushka's visit!
The Curse of the "Sharma"
@imaisharya:Proud Indian! ? a huge fan of *raina* @imraina !!!!!! CSKian #whistlepodu ^_^ Love @tiwarymanoj :) Instagram - aisharyaraina :)
kolkata,India
-999,-999
@RidwanLimpo_S: RT @KapanLagicom: http://t.co/ccqEgFYsJ7 Anushka Sharma Ketahuan Kencan Dengan Virat Kohli di New Zealand
@RidwanLimpo_S:Student of UIN Alauddin Makassar. New Account of Ridwan Limpo (RidwanL_Ridhoe). ?English|Arabic. Social Media Fanatic!!,
Makassar, Indonesia
-999,-999
@vhaldal: RT @SirJadeja: When the form of Ishant Sharma and Rohit Sharma hit Virat Kohli. Thanks to Anushka's visit!
The Curse of the "Sharma" !
@vhaldal:null
nlc
-999,-999
@infokamu: Anushka Sharma Ketahuan Kencan Dengan Virat Kohli di New Zealand http://t.co/DIDFxLssc3
@infokamu:punya berita menarik untuk disebarluaskan ? mention aja ke @infokamu . akan kita bantu sebarluaskan ke follower kita.
indonesia
-999,-999
@botberita: Anushka Sharma Ketahuan Kencan Dengan Virat Kohli di New Zealand: Anushka Sharma dan Virat Kohli tertangkap... http://t.co/a0Iabm4Cvh
@botberita:hi!
nlc
-999,-999
@JulianeLoveSRK: RT @insiderson: Anushka Sharma & Virat Kohli wurden in Neu Seeland bei einem Date ertappt.
http://t.co/ktwQpAg2IC http://t.co/8kb819cfML
@JulianeLoveSRK:@iamsrk , my life, my dream, my passion! | female Rahul Mehra | @iamsrk???? 4-ever..#fitfam | walking disaster | the gym
nlc
-999,-999
@imaisharya: Anushka Sharma is mad about cricketers, as you can see. First Suresh Raina and now Virat Kohli. :3
@imaisharya:Proud Indian! ? a huge fan of *raina* @imraina !!!!!! CSKian #whistlepodu ^_^ Love @tiwarymanoj :) Instagram - aisharyaraina :)
kolkata,India
-999,-999
@Vishwadeepakjha: Surprisingly Virat Kohli Trends Not Because Of His Poor Performance.Its Because Of Anushka Sharma.Definitely it's Sharma's day :-) #NZvInd
@Vishwadeepakjha:Engineer By Education . Journalism is my first Love. Parallel cinema a close second. But cricket is what I live by! All tweets are personal opinion.
Bangalore
-999,-999
@bleedbluerocks: RT @ravipratapdubey: These SHARMAs are so scary- After being hit by kim SHARMA  Yuvraj lost his charisma and now Virat Kohli is in chase wi…
@bleedbluerocks:Bio??? who cares ; )
Mumbai
-999,-999
@imaisharya: RT @timesofindia: Anushka Sharma, Virat Kohli spotted together in New Zealand http://t.co/ftntQojveY http://t.co/oItOzwJdpz
@imaisharya:Proud Indian! ? a huge fan of *raina* @imraina !!!!!! CSKian #whistlepodu ^_^ Love @tiwarymanoj :) Instagram - aisharyaraina :)
kolkata,India
-999,-999
@PlayPokemonRPG: Virat Kohli into #Dewgong starting at 
www.MonsterMMORPG. com
#level 34. Guido by #MonsterMMORPG
 #gosound
@PlayPokemonRPG:#Play #Pokemon #RPG: #MonsterMMORPG great #browser #based #online free #play #mmo rpg #game for #kids, pokemon #fans, pokemon #players #awesome game for #teens.
United States
-999,-999
@rahulgautam2u: RT @vksisodiya: "Sachin Tendulkar aise hi mahaan khilaadi nahi kahe jaate, yaha to Anushka Sharma hi concentration kharaab kr deti hai Vira…
@rahulgautam2u:L O V E .. L = Lake of Sorrows ..O = Ocean of Tears .. V = Valley of Death .. E = End of life....    xxxxxxx
Panipat
-999,-999
@DeepaliKapur: RT @VidurAgarwal: Now its Virat Kohli and Anushka Sharma the new jokers of twitter.... #Meme
@DeepaliKapur:Medical student & Cricket freak! Die hard fan of my #Sweetypie @ajinkyarahane88. 16.1.13 is d best day of ma lyf bcoz Ajju replied me. Admin @Ajinkya_World!!
New Delhi,India
-999,-999
@harshit_ch14: RT @SirJadeja: When the form of Ishant Sharma and Rohit Sharma hit Virat Kohli. Thanks to Anushka's visit!
The Curse of the "Sharma" !
@harshit_ch14:| Animation & VFX student | #photographer | Manchester United Die Hard Fan Facebook Profile #Mufc #GGMU :: - http://facebook.com/harshit0609
Surat 
-999,-999
@imaisharya: xD "@jhunjhunwala: BREAKING : Virat Kohli goes into coma after seeing Anushka Sharma's new lips."
@imaisharya:Proud Indian! ? a huge fan of *raina* @imraina !!!!!! CSKian #whistlepodu ^_^ Love @tiwarymanoj :) Instagram - aisharyaraina :)
kolkata,India
-999,-999
@ahmed_die: Anushka Sharma Ketahuan Kencan Dengan Virat Kohli di New Zealand http://t.co/AHRon0AcfD
@ahmed_die:null
nlc
-999,-999
@DeepaliKapur: RT @GaonRoChoro: Virat kohli spotted wid anushka Sharma in nz...n got only 4 run in test against nz...abb maje dekho media ke...
@DeepaliKapur:Medical student & Cricket freak! Die hard fan of my #Sweetypie @ajinkyarahane88. 16.1.13 is d best day of ma lyf bcoz Ajju replied me. Admin @Ajinkya_World!!
New Delhi,India
-999,-999
@9XMHaqSe: Anushka Sharma flew down to New Zealand to cheer cricketer Virat Kohli #BheegiBilli dedicates a song > Chaska chaska laga hai chaska chaska
@9XMHaqSe:The official Twitter A/c of 9XM - India's No 1 Bollywood Music Channel
India
-999,-999
@VishalySunger: RT @SirJadeja: When the form of Ishant Sharma and Rohit Sharma hit Virat Kohli. Thanks to Anushka's visit!
The Curse of the "Sharma" !
@VishalySunger:Indian, Born in the Philippines, now living in Canada.
#JPRebel??
Edmonton, Canada . eh?
-999,-999
@Vishwadeepakjha: Surprisingly Virat Kohli Trends Not Because Of His Poor Performance.Its Because Of Anushka Sharma.Definitely it's Sharma's Day :-) #NZvInd
@Vishwadeepakjha:Engineer By Education . Journalism is my first Love. Parallel cinema a close second. But cricket is what I live by! All tweets are personal opinion.
Bangalore
-999,-999
@mediaconvey: Virat Kohli with Anushka sharma in New Zealand goes viral

http://t.co/ePBEOV7BXZ http://t.co/e2P3Upctha
@mediaconvey:null
nlc
-999,-999
@MoHitBhati07: RT @iPoojaPatel: "@SirJadeja: When the form of Ishant Sharma and Rohit Sharma hit Virat Kohli. Thanks to Anushka's visit!
The Curse of the …
@MoHitBhati07:In a relationship with #Loneliness.
Pursuing CA or it would be better saying that 'TRY'ing to become a CA.
Jodhpur, Rajasthan, India
-999,-999
@SandhiraInc: Virat Kohli & Anushka Sharma spotted getting cozy #NewZealand http://t.co/qUOtZsMWke
@ViratKohliFC @AnushkaSharmaFC http://t.co/9P1Vyh2Xdw
@SandhiraInc:Connecting the #SouthAsian community across the Globe.
India, USA, Canada
-999,-999
@itashasuxx: RT @sambha_bhilane: Now if Virat Kohli goes out with Ishant Sharma in NZ, media will take a pic of them from 100 meters away and say he's w…
@itashasuxx:#StayStrongKesha  ?
warrior land / animal land 
-999,-999
@imaisharya: RT @pakhishukla21: Virat Kohli : #ValentinesDayToMeIs every year a new girlfriend nd this year Anushka Sharma. http://t.co/9cCqNoeqwj
@imaisharya:Proud Indian! ? a huge fan of *raina* @imraina !!!!!! CSKian #whistlepodu ^_^ Love @tiwarymanoj :) Instagram - aisharyaraina :)
kolkata,India
-999,-999
@gosipfakta666: Anushka Sharma Ketahuan Kencan Dengan Virat Kohli di New Zealand http://t.co/7qxIWQPGIS #gosip #selebritis
@gosipfakta666:null
nlc
-999,-999
@AapkaApnaHappy: RT @coolfunnytshirt: Anushka Sharma: Hothon pe aisi baat mai dabaa ke chali aayi.. 

Virat Kohli: OMG! BAAT nahi, tu puri KAINAAT dabaa ke …
@AapkaApnaHappy:Main samundar se gehra
Main kahin kab hoon thehra
Main hoon..jaise dhuaan
Ye dhuaaaaan..kaaahin
Hai rukta kahannn. http://favstar.fm/users/AapkaapnahHappy
FUCK U IF U DOUBT ME-EMINEM
-999,-999
@Seohyuncucok: Anushka Sharma Ketahuan Kencan Dengan Virat Kohli di New Zealand http://t.co/HgbXpoPjAP
@Seohyuncucok:[v] @CUCOKRP ? @Kuyunkyu_rp's boyfriend :) ?maknae imut #MagnaeArea @SNSD_FamilyRP @91LinerTown #LindoUnido @SMTOWN__RP @SMtown_RP #SNSDRPClub
seoul,korea
-999,-999
@swagparkbom: Anushka Sharma Ketahuan Kencan Dengan Virat Kohli di New Zealand http://t.co/cIQHKRyEdB
@swagparkbom:Park Bom 'Barbie' from 2NE1
nlc
-999,-999
@kimjgnx: Anushka Sharma Ketahuan Kencan Dengan Virat Kohli di New Zealand http://t.co/OQ6O9YVupS
@kimjgnx:null
nlc
-999,-999
@95sChangjo: Anushka Sharma Ketahuan Kencan Dengan Virat Kohli di New Zealand http://t.co/CYCAKFjHCf
@95sChangjo:null
nlc
-999,-999
@DeepaliKapur: RT @DP_simply: Virat kohli never gets out on zero,because he already has duck.
@DeepaliKapur:Medical student & Cricket freak! Die hard fan of my #Sweetypie @ajinkyarahane88. 16.1.13 is d best day of ma lyf bcoz Ajju replied me. Admin @Ajinkya_World!!
New Delhi,India
-999,-999
@S00JUNS: Anushka Sharma Ketahuan Kencan Dengan Virat Kohli di New Zealand http://t.co/oAtIWlgbj0
@S00JUNS:Jung Soo Jung 1994 || #planetyadong
[old account 2011]
-999,-999
@vipareethbuddhi: RT @SirJadeja: When the form of Ishant Sharma and Rohit Sharma hit Virat Kohli. Thanks to Anushka's visit!
The Curse of the "Sharma" !
@vipareethbuddhi:Confused| Kanjoos| Dreamer| Drummer| Crappy Rhyme Maker| (B Sc+)hool Passout| Why? Wonderer| Bhukkad| Jack of all trades Disaster in some
Mumbai
-999,-999
@Eka_K_S: Anushka Sharma Ketahuan Kencan Dengan Virat Kohli di New Zealand http://t.co/qPtocWw5uw
@Eka_K_S:aku hanya ingin dimengerti oleh orang lain          Mention For Follback.. :)
indonesia WIB
-999,-999
@AdityaChaugule: RT @sambha_bhilane: Now if Virat Kohli goes out with Ishant Sharma in NZ, media will take a pic of them from 100 meters away and say he's w…
@AdityaChaugule:Corporate Lawyer, Now an Entrepreneur, Petrol head, Dark Chocolate Lover, Loves Progressive House Music, Nomad, Amateur Golfer, Foodie !
Mumbai , India
-999,-999
@JustVirat: RT @coolfunnytshirt: Anushka Sharma: Hothon pe aisi baat mai dabaa ke chali aayi.. 

Virat Kohli: OMG! BAAT nahi, tu puri KAINAAT dabaa ke …
@JustVirat:He is an aggressive batsmen, he can bowl,field,keep,dance,sings awesomely well,he can act and....steal million of hearts!!? Because its all about Virat kohli ;)
Non-striker's end
-999,-999
@ModiDevang_twt: Virat Kohli caught with Anushka ....one more #Valentine ..
@ModiDevang_twt:Computer Engineer,Web Designer,Web Developer
India
-999,-999
@ssuperhumann: Chaska chaska laga hai chaska chaska ... on repeat in virat kohli's playlist
@ssuperhumann:I am a man in process | A dreamer | social freak | A future social worker | Sapiosexual | Philantropist | wants to start NGO | seeker of the truth!!!
intellectual junkyard
-999,-999
@a4anubhav: RT @gouripriyasjadu: I think Virat Kohli lost his senses seeing Anushka's new lip job, due to which he got out early :p
@a4anubhav:null
nlc
-999,-999
@itashasuxx: Anushka Sharma N Virat Kohli in Relationship? ....... Who In the HeLL CARES i want my food!!!!!
@itashasuxx:#StayStrongKesha  ?
warrior land / animal land 
-999,-999
@puneethsamani: @jemin_p Virat Kohli kaha rehta hai ? Ans : vikhroli mein !
@puneethsamani:New in Bengaluru/Bangalore
Secunderabad
-999,-999
